<?xml version="1.0" encoding="UTF-8"?>
<coverage generated="1688123408">
  <project timestamp="1688123408">
    <file name="/home/vagrant/packages/laravel-env-documentator/src/Config.php">
      <class name="GitBalocco\LaravelEnvDocumentator\Config" namespace="global">
        <metrics complexity="11" methods="5" coveredmethods="2" conditionals="0" coveredconditionals="0" statements="23" coveredstatements="12" elements="28" coveredelements="14"/>
      </class>
      <line num="29" type="method" name="__construct" visibility="public" complexity="2" crap="2" count="2"/>
      <line num="31" type="stmt" count="2"/>
      <line num="32" type="stmt" count="2"/>
      <line num="33" type="stmt" count="1"/>
      <line num="35" type="stmt" count="1"/>
      <line num="36" type="stmt" count="1"/>
      <line num="46" type="method" name="getDestinations" visibility="public" complexity="4" crap="4.05" count="4"/>
      <line num="48" type="stmt" count="4"/>
      <line num="49" type="stmt" count="0"/>
      <line num="51" type="stmt" count="4"/>
      <line num="52" type="stmt" count="1"/>
      <line num="54" type="stmt" count="3"/>
      <line num="55" type="stmt" count="1"/>
      <line num="57" type="stmt" count="2"/>
      <line num="64" type="method" name="getPaths" visibility="public" complexity="1" crap="1" count="1"/>
      <line num="66" type="stmt" count="1"/>
      <line num="75" type="method" name="getIterator" visibility="public" complexity="2" crap="6" count="0"/>
      <line num="78" type="stmt" count="0"/>
      <line num="79" type="stmt" count="0"/>
      <line num="80" type="stmt" count="0"/>
      <line num="81" type="stmt" count="0"/>
      <line num="82" type="stmt" count="0"/>
      <line num="83" type="stmt" count="0"/>
      <line num="84" type="stmt" count="0"/>
      <line num="96" type="method" name="parseKey" visibility="private" complexity="2" crap="6" count="0"/>
      <line num="98" type="stmt" count="0"/>
      <line num="99" type="stmt" count="0"/>
      <line num="101" type="stmt" count="0"/>
      <metrics loc="104" ncloc="68" classes="1" methods="5" coveredmethods="2" conditionals="0" coveredconditionals="0" statements="23" coveredstatements="12" elements="28" coveredelements="14"/>
    </file>
    <file name="/home/vagrant/packages/laravel-env-documentator/src/Config/Destination.php">
      <class name="GitBalocco\LaravelEnvDocumentator\Config\Destination" namespace="global">
        <metrics complexity="5" methods="5" coveredmethods="0" conditionals="0" coveredconditionals="0" statements="5" coveredstatements="0" elements="10" coveredelements="0"/>
      </class>
      <line num="9" type="method" name="__construct" visibility="public" complexity="1" crap="2" count="0"/>
      <line num="15" type="stmt" count="0"/>
      <line num="20" type="method" name="getName" visibility="public" complexity="1" crap="2" count="0"/>
      <line num="22" type="stmt" count="0"/>
      <line num="28" type="method" name="getEncryptedFilePath" visibility="public" complexity="1" crap="2" count="0"/>
      <line num="30" type="stmt" count="0"/>
      <line num="36" type="method" name="getEncryptionKey" visibility="public" complexity="1" crap="2" count="0"/>
      <line num="38" type="stmt" count="0"/>
      <line num="44" type="method" name="getCypher" visibility="public" complexity="1" crap="2" count="0"/>
      <line num="46" type="stmt" count="0"/>
      <metrics loc="48" ncloc="36" classes="1" methods="5" coveredmethods="0" conditionals="0" coveredconditionals="0" statements="5" coveredstatements="0" elements="10" coveredelements="0"/>
    </file>
    <file name="/home/vagrant/packages/laravel-env-documentator/src/Decryption/Decrypter.php">
      <class name="GitBalocco\LaravelEnvDocumentator\Decryption\Decrypter" namespace="global">
        <metrics complexity="2" methods="2" coveredmethods="0" conditionals="0" coveredconditionals="0" statements="3" coveredstatements="0" elements="5" coveredelements="0"/>
      </class>
      <line num="11" type="method" name="__construct" visibility="public" complexity="1" crap="2" count="0"/>
      <line num="13" type="stmt" count="0"/>
      <line num="15" type="method" name="__invoke" visibility="public" complexity="1" crap="2" count="0"/>
      <line num="17" type="stmt" count="0"/>
      <line num="19" type="stmt" count="0"/>
      <metrics loc="21" ncloc="21" classes="1" methods="2" coveredmethods="0" conditionals="0" coveredconditionals="0" statements="3" coveredstatements="0" elements="5" coveredelements="0"/>
    </file>
    <file name="/home/vagrant/packages/laravel-env-documentator/src/Decryption/Handler.php">
      <class name="GitBalocco\LaravelEnvDocumentator\Decryption\Handler" namespace="global">
        <metrics complexity="5" methods="3" coveredmethods="1" conditionals="0" coveredconditionals="0" statements="7" coveredstatements="3" elements="10" coveredelements="4"/>
      </class>
      <line num="31" type="method" name="__construct" visibility="public" complexity="1" crap="2" count="0"/>
      <line num="33" type="stmt" count="0"/>
      <line num="35" type="method" name="__invoke" visibility="public" complexity="2" crap="2" count="1"/>
      <line num="37" type="stmt" count="1"/>
      <line num="38" type="stmt" count="1"/>
      <line num="39" type="stmt" count="1"/>
      <line num="43" type="method" name="createEncrypter" visibility="private" complexity="2" crap="6" count="0"/>
      <line num="45" type="stmt" count="0"/>
      <line num="46" type="stmt" count="0"/>
      <line num="48" type="stmt" count="0"/>
      <metrics loc="50" ncloc="30" classes="1" methods="3" coveredmethods="1" conditionals="0" coveredconditionals="0" statements="7" coveredstatements="3" elements="10" coveredelements="4"/>
    </file>
    <file name="/home/vagrant/packages/laravel-env-documentator/src/Exceptions/ConfigurationNotFoundException.php">
      <class name="GitBalocco\LaravelEnvDocumentator\Exceptions\ConfigurationNotFoundException" namespace="global">
        <metrics complexity="0" methods="0" coveredmethods="0" conditionals="0" coveredconditionals="0" statements="0" coveredstatements="0" elements="0" coveredelements="0"/>
      </class>
      <metrics loc="12" ncloc="12" classes="0" methods="0" coveredmethods="0" conditionals="0" coveredconditionals="0" statements="0" coveredstatements="0" elements="0" coveredelements="0"/>
    </file>
    <file name="/home/vagrant/packages/laravel-env-documentator/src/Exceptions/InvalidConfigurationException.php">
      <class name="GitBalocco\LaravelEnvDocumentator\Exceptions\InvalidConfigurationException" namespace="global">
        <metrics complexity="0" methods="0" coveredmethods="0" conditionals="0" coveredconditionals="0" statements="0" coveredstatements="0" elements="0" coveredelements="0"/>
      </class>
      <metrics loc="12" ncloc="12" classes="0" methods="0" coveredmethods="0" conditionals="0" coveredconditionals="0" statements="0" coveredstatements="0" elements="0" coveredelements="0"/>
    </file>
    <file name="/home/vagrant/packages/laravel-env-documentator/src/Path.php">
      <class name="GitBalocco\LaravelEnvDocumentator\Path" namespace="global">
        <metrics complexity="3" methods="3" coveredmethods="2" conditionals="0" coveredconditionals="0" statements="3" coveredstatements="2" elements="6" coveredelements="4"/>
      </class>
      <line num="9" type="method" name="__construct" visibility="public" complexity="1" crap="1" count="1"/>
      <line num="11" type="stmt" count="1"/>
      <line num="14" type="method" name="getPackageRoot" visibility="public" complexity="1" crap="1" count="1"/>
      <line num="16" type="stmt" count="1"/>
      <line num="19" type="method" name="getDefaultConfig" visibility="public" complexity="1" crap="2" count="0"/>
      <line num="21" type="stmt" count="0"/>
      <metrics loc="24" ncloc="24" classes="1" methods="3" coveredmethods="2" conditionals="0" coveredconditionals="0" statements="3" coveredstatements="2" elements="6" coveredelements="4"/>
    </file>
    <file name="/home/vagrant/packages/laravel-env-documentator/src/ServiceProvider.php">
      <class name="GitBalocco\LaravelEnvDocumentator\ServiceProvider" namespace="global">
        <metrics complexity="4" methods="3" coveredmethods="0" conditionals="0" coveredconditionals="0" statements="7" coveredstatements="0" elements="10" coveredelements="0"/>
      </class>
      <line num="11" type="method" name="boot" visibility="public" complexity="2" crap="6" count="0"/>
      <line num="13" type="stmt" count="0"/>
      <line num="14" type="stmt" count="0"/>
      <line num="17" type="stmt" count="0"/>
      <line num="20" type="method" name="commandsToRegister" visibility="private" complexity="1" crap="2" count="0"/>
      <line num="22" type="stmt" count="0"/>
      <line num="23" type="stmt" count="0"/>
      <line num="26" type="method" name="itemsToPublish" visibility="private" complexity="1" crap="2" count="0"/>
      <line num="29" type="stmt" count="0"/>
      <line num="31" type="stmt" count="0"/>
      <metrics loc="34" ncloc="34" classes="1" methods="3" coveredmethods="0" conditionals="0" coveredconditionals="0" statements="7" coveredstatements="0" elements="10" coveredelements="0"/>
    </file>
    <metrics files="8" loc="305" ncloc="237" classes="6" methods="21" coveredmethods="5" conditionals="0" coveredconditionals="0" statements="48" coveredstatements="17" elements="69" coveredelements="22"/>
  </project>
</coverage>
